153  INFO  c.d.driver.core.GuavaCompatibility: Detected Guava >= 19 in the classpath, using modern compatibility layer
284  INFO  c.datastax.driver.core.ClockFactory: Using native clock to generate timestamps.
355  INFO  com.datastax.driver.core.NettyUtil: Found Netty's native epoll transport in the classpath, using it
599  INFO  c.d.d.c.p.DCAwareRoundRobinPolicy: Using data-center name 'DC1-K8Demo' for DCAwareRoundRobinPolicy (if this is incorrect, please provide the correct datacenter name with DCAwareRoundRobinPolicy constructor)
601  INFO  com.datastax.driver.core.Cluster: New Cassandra host /127.0.0.1:9042 added
601  INFO  com.datastax.driver.core.Cluster: New Cassandra host /172.17.0.5:9042 added
601  INFO  com.datastax.driver.core.Cluster: New Cassandra host /172.17.0.6:9042 added
3640 WARN  c.d.driver.core.HostConnectionPool: Error creating connection to /172.17.0.5:9042
com.datastax.driver.core.exceptions.TransportException: [/172.17.0.5:9042] Cannot connect
	at com.datastax.driver.core.Connection$1.operationComplete(Connection.java:165)
	at com.datastax.driver.core.Connection$1.operationComplete(Connection.java:148)
	at io.netty.util.concurrent.DefaultPromise.notifyListener0(DefaultPromise.java:507)
	at io.netty.util.concurrent.DefaultPromise.notifyListeners0(DefaultPromise.java:500)
	at io.netty.util.concurrent.DefaultPromise.notifyListenersNow(DefaultPromise.java:479)
	at io.netty.util.concurrent.DefaultPromise.notifyListeners(DefaultPromise.java:420)
	at io.netty.util.concurrent.DefaultPromise.tryFailure(DefaultPromise.java:122)
	at io.netty.channel.epoll.AbstractEpollStreamChannel$EpollStreamUnsafe.fulfillConnectPromise(AbstractEpollStreamChannel.java:821)
	at io.netty.channel.epoll.AbstractEpollStreamChannel$EpollStreamUnsafe.finishConnect(AbstractEpollStreamChannel.java:840)
	at io.netty.channel.epoll.AbstractEpollStreamChannel$EpollStreamUnsafe.epollOutReady(AbstractEpollStreamChannel.java:857)
	at io.netty.channel.epoll.EpollEventLoop.processReady(EpollEventLoop.java:387)
	at io.netty.channel.epoll.EpollEventLoop.run(EpollEventLoop.java:302)
	at io.netty.util.concurrent.SingleThreadEventExecutor$2.run(SingleThreadEventExecutor.java:131)
	at io.netty.util.concurrent.DefaultThreadFactory$DefaultRunnableDecorator.run(DefaultThreadFactory.java:144)
	at java.base/java.lang.Thread.run(Thread.java:829)
Caused by: io.netty.channel.AbstractChannel$AnnotatedConnectException: finishConnect() failed: No route to host: /172.17.0.5:9042
	at io.netty.channel.unix.Errors.throwConnectException(Errors.java:107)
	at io.netty.channel.unix.Socket.finishConnect(Socket.java:223)
	at io.netty.channel.epoll.AbstractEpollStreamChannel$EpollStreamUnsafe.doFinishConnect(AbstractEpollStreamChannel.java:867)
	at io.netty.channel.epoll.EpollSocketChannel$EpollSocketChannelUnsafe.doFinishConnect(EpollSocketChannel.java:231)
	at io.netty.channel.epoll.AbstractEpollStreamChannel$EpollStreamUnsafe.finishConnect(AbstractEpollStreamChannel.java:834)
	... 6 common frames omitted
3643 WARN  com.datastax.driver.core.Session: Error creating pool to /172.17.0.5:9042
com.datastax.driver.core.exceptions.ConnectionException: [/172.17.0.5:9042] Pool was closed during initialization
	at com.datastax.driver.core.HostConnectionPool$2.onSuccess(HostConnectionPool.java:148)
	at com.datastax.driver.core.HostConnectionPool$2.onSuccess(HostConnectionPool.java:134)
	at com.google.common.util.concurrent.Futures$6.run(Futures.java:1773)
	at com.google.common.util.concurrent.MoreExecutors$DirectExecutor.execute(MoreExecutors.java:456)
	at com.google.common.util.concurrent.AbstractFuture.executeListener(AbstractFuture.java:817)
	at com.google.common.util.concurrent.AbstractFuture.complete(AbstractFuture.java:753)
	at com.google.common.util.concurrent.AbstractFuture.set(AbstractFuture.java:613)
	at com.google.common.util.concurrent.CollectionFuture$CollectionFutureRunningState.handleAllCompleted(CollectionFuture.java:76)
	at com.google.common.util.concurrent.AggregateFuture$RunningState.processCompleted(AggregateFuture.java:255)
	at com.google.common.util.concurrent.AggregateFuture$RunningState.decrementCountAndMaybeComplete(AggregateFuture.java:242)
	at com.google.common.util.concurrent.AggregateFuture$RunningState.access$300(AggregateFuture.java:91)
	at com.google.common.util.concurrent.AggregateFuture$RunningState$1.run(AggregateFuture.java:146)
	at com.google.common.util.concurrent.MoreExecutors$DirectExecutor.execute(MoreExecutors.java:456)
	at com.google.common.util.concurrent.AbstractFuture.executeListener(AbstractFuture.java:817)
	at com.google.common.util.concurrent.AbstractFuture.complete(AbstractFuture.java:753)
	at com.google.common.util.concurrent.AbstractFuture.completeWithFuture(AbstractFuture.java:730)
	at com.google.common.util.concurrent.AbstractFuture.setFuture(AbstractFuture.java:666)
	at com.google.common.util.concurrent.Futures$AsyncCatchingFuture.doFallback(Futures.java:826)
	at com.google.common.util.concurrent.Futures$AsyncCatchingFuture.doFallback(Futures.java:813)
	at com.google.common.util.concurrent.Futures$AbstractCatchingFuture.run(Futures.java:789)
	at com.google.common.util.concurrent.MoreExecutors$DirectExecutor.execute(MoreExecutors.java:456)
	at com.google.common.util.concurrent.AbstractFuture.executeListener(AbstractFuture.java:817)
	at com.google.common.util.concurrent.AbstractFuture.complete(AbstractFuture.java:753)
	at com.google.common.util.concurrent.AbstractFuture.completeWithFuture(AbstractFuture.java:730)
	at com.google.common.util.concurrent.AbstractFuture.setFuture(AbstractFuture.java:666)
	at com.google.common.util.concurrent.Futures$AsyncCatchingFuture.doFallback(Futures.java:826)
	at com.google.common.util.concurrent.Futures$AsyncCatchingFuture.doFallback(Futures.java:813)
	at com.google.common.util.concurrent.Futures$AbstractCatchingFuture.run(Futures.java:789)
	at com.google.common.util.concurrent.MoreExecutors$DirectExecutor.execute(MoreExecutors.java:456)
	at com.google.common.util.concurrent.AbstractFuture.executeListener(AbstractFuture.java:817)
	at com.google.common.util.concurrent.AbstractFuture.complete(AbstractFuture.java:753)
	at com.google.common.util.concurrent.AbstractFuture.setException(AbstractFuture.java:634)
	at com.google.common.util.concurrent.Futures$AbstractChainingFuture.run(Futures.java:1405)
	at com.google.common.util.concurrent.MoreExecutors$DirectExecutor.execute(MoreExecutors.java:456)
	at com.google.common.util.concurrent.AbstractFuture.executeListener(AbstractFuture.java:817)
	at com.google.common.util.concurrent.AbstractFuture.complete(AbstractFuture.java:753)
	at com.google.common.util.concurrent.AbstractFuture.setException(AbstractFuture.java:634)
	at com.google.common.util.concurrent.SettableFuture.setException(SettableFuture.java:53)
	at com.datastax.driver.core.Connection$1.operationComplete(Connection.java:165)
	at com.datastax.driver.core.Connection$1.operationComplete(Connection.java:148)
	at io.netty.util.concurrent.DefaultPromise.notifyListener0(DefaultPromise.java:507)
	at io.netty.util.concurrent.DefaultPromise.notifyListeners0(DefaultPromise.java:500)
	at io.netty.util.concurrent.DefaultPromise.notifyListenersNow(DefaultPromise.java:479)
	at io.netty.util.concurrent.DefaultPromise.notifyListeners(DefaultPromise.java:420)
	at io.netty.util.concurrent.DefaultPromise.tryFailure(DefaultPromise.java:122)
	at io.netty.channel.epoll.AbstractEpollStreamChannel$EpollStreamUnsafe.fulfillConnectPromise(AbstractEpollStreamChannel.java:821)
	at io.netty.channel.epoll.AbstractEpollStreamChannel$EpollStreamUnsafe.finishConnect(AbstractEpollStreamChannel.java:840)
	at io.netty.channel.epoll.AbstractEpollStreamChannel$EpollStreamUnsafe.epollOutReady(AbstractEpollStreamChannel.java:857)
	at io.netty.channel.epoll.EpollEventLoop.processReady(EpollEventLoop.java:387)
	at io.netty.channel.epoll.EpollEventLoop.run(EpollEventLoop.java:302)
	at io.netty.util.concurrent.SingleThreadEventExecutor$2.run(SingleThreadEventExecutor.java:131)
	at io.netty.util.concurrent.DefaultThreadFactory$DefaultRunnableDecorator.run(DefaultThreadFactory.java:144)
	at java.base/java.lang.Thread.run(Thread.java:829)
3664 WARN  c.d.driver.core.HostConnectionPool: Error creating connection to /172.17.0.6:9042
com.datastax.driver.core.exceptions.TransportException: [/172.17.0.6:9042] Cannot connect
	at com.datastax.driver.core.Connection$1.operationComplete(Connection.java:165)
	at com.datastax.driver.core.Connection$1.operationComplete(Connection.java:148)
	at io.netty.util.concurrent.DefaultPromise.notifyListener0(DefaultPromise.java:507)
	at io.netty.util.concurrent.DefaultPromise.notifyListeners0(DefaultPromise.java:500)
	at io.netty.util.concurrent.DefaultPromise.notifyListenersNow(DefaultPromise.java:479)
	at io.netty.util.concurrent.DefaultPromise.notifyListeners(DefaultPromise.java:420)
	at io.netty.util.concurrent.DefaultPromise.tryFailure(DefaultPromise.java:122)
	at io.netty.channel.epoll.AbstractEpollStreamChannel$EpollStreamUnsafe.fulfillConnectPromise(AbstractEpollStreamChannel.java:821)
	at io.netty.channel.epoll.AbstractEpollStreamChannel$EpollStreamUnsafe.finishConnect(AbstractEpollStreamChannel.java:840)
	at io.netty.channel.epoll.AbstractEpollStreamChannel$EpollStreamUnsafe.epollOutReady(AbstractEpollStreamChannel.java:857)
	at io.netty.channel.epoll.EpollEventLoop.processReady(EpollEventLoop.java:387)
	at io.netty.channel.epoll.EpollEventLoop.run(EpollEventLoop.java:302)
	at io.netty.util.concurrent.SingleThreadEventExecutor$2.run(SingleThreadEventExecutor.java:131)
	at io.netty.util.concurrent.DefaultThreadFactory$DefaultRunnableDecorator.run(DefaultThreadFactory.java:144)
	at java.base/java.lang.Thread.run(Thread.java:829)
Caused by: io.netty.channel.AbstractChannel$AnnotatedConnectException: finishConnect() failed: No route to host: /172.17.0.6:9042
	at io.netty.channel.unix.Errors.throwConnectException(Errors.java:107)
	at io.netty.channel.unix.Socket.finishConnect(Socket.java:223)
	at io.netty.channel.epoll.AbstractEpollStreamChannel$EpollStreamUnsafe.doFinishConnect(AbstractEpollStreamChannel.java:867)
	at io.netty.channel.epoll.EpollSocketChannel$EpollSocketChannelUnsafe.doFinishConnect(EpollSocketChannel.java:231)
	at io.netty.channel.epoll.AbstractEpollStreamChannel$EpollStreamUnsafe.finishConnect(AbstractEpollStreamChannel.java:834)
	... 6 common frames omitted
3665 WARN  com.datastax.driver.core.Session: Error creating pool to /172.17.0.6:9042
com.datastax.driver.core.exceptions.ConnectionException: [/172.17.0.6:9042] Pool was closed during initialization
	at com.datastax.driver.core.HostConnectionPool$2.onSuccess(HostConnectionPool.java:148)
	at com.datastax.driver.core.HostConnectionPool$2.onSuccess(HostConnectionPool.java:134)
	at com.google.common.util.concurrent.Futures$6.run(Futures.java:1773)
	at com.google.common.util.concurrent.MoreExecutors$DirectExecutor.execute(MoreExecutors.java:456)
	at com.google.common.util.concurrent.AbstractFuture.executeListener(AbstractFuture.java:817)
	at com.google.common.util.concurrent.AbstractFuture.complete(AbstractFuture.java:753)
	at com.google.common.util.concurrent.AbstractFuture.set(AbstractFuture.java:613)
	at com.google.common.util.concurrent.CollectionFuture$CollectionFutureRunningState.handleAllCompleted(CollectionFuture.java:76)
	at com.google.common.util.concurrent.AggregateFuture$RunningState.processCompleted(AggregateFuture.java:255)
	at com.google.common.util.concurrent.AggregateFuture$RunningState.decrementCountAndMaybeComplete(AggregateFuture.java:242)
	at com.google.common.util.concurrent.AggregateFuture$RunningState.access$300(AggregateFuture.java:91)
	at com.google.common.util.concurrent.AggregateFuture$RunningState$1.run(AggregateFuture.java:146)
	at com.google.common.util.concurrent.MoreExecutors$DirectExecutor.execute(MoreExecutors.java:456)
	at com.google.common.util.concurrent.AbstractFuture.executeListener(AbstractFuture.java:817)
	at com.google.common.util.concurrent.AbstractFuture.complete(AbstractFuture.java:753)
	at com.google.common.util.concurrent.AbstractFuture.completeWithFuture(AbstractFuture.java:730)
	at com.google.common.util.concurrent.AbstractFuture.setFuture(AbstractFuture.java:666)
	at com.google.common.util.concurrent.Futures$AsyncCatchingFuture.doFallback(Futures.java:826)
	at com.google.common.util.concurrent.Futures$AsyncCatchingFuture.doFallback(Futures.java:813)
	at com.google.common.util.concurrent.Futures$AbstractCatchingFuture.run(Futures.java:789)
	at com.google.common.util.concurrent.MoreExecutors$DirectExecutor.execute(MoreExecutors.java:456)
	at com.google.common.util.concurrent.AbstractFuture.executeListener(AbstractFuture.java:817)
	at com.google.common.util.concurrent.AbstractFuture.complete(AbstractFuture.java:753)
	at com.google.common.util.concurrent.AbstractFuture.completeWithFuture(AbstractFuture.java:730)
	at com.google.common.util.concurrent.AbstractFuture.setFuture(AbstractFuture.java:666)
	at com.google.common.util.concurrent.Futures$AsyncCatchingFuture.doFallback(Futures.java:826)
	at com.google.common.util.concurrent.Futures$AsyncCatchingFuture.doFallback(Futures.java:813)
	at com.google.common.util.concurrent.Futures$AbstractCatchingFuture.run(Futures.java:789)
	at com.google.common.util.concurrent.MoreExecutors$DirectExecutor.execute(MoreExecutors.java:456)
	at com.google.common.util.concurrent.AbstractFuture.executeListener(AbstractFuture.java:817)
	at com.google.common.util.concurrent.AbstractFuture.complete(AbstractFuture.java:753)
	at com.google.common.util.concurrent.AbstractFuture.setException(AbstractFuture.java:634)
	at com.google.common.util.concurrent.Futures$AbstractChainingFuture.run(Futures.java:1405)
	at com.google.common.util.concurrent.MoreExecutors$DirectExecutor.execute(MoreExecutors.java:456)
	at com.google.common.util.concurrent.AbstractFuture.executeListener(AbstractFuture.java:817)
	at com.google.common.util.concurrent.AbstractFuture.complete(AbstractFuture.java:753)
	at com.google.common.util.concurrent.AbstractFuture.setException(AbstractFuture.java:634)
	at com.google.common.util.concurrent.SettableFuture.setException(SettableFuture.java:53)
	at com.datastax.driver.core.Connection$1.operationComplete(Connection.java:165)
	at com.datastax.driver.core.Connection$1.operationComplete(Connection.java:148)
	at io.netty.util.concurrent.DefaultPromise.notifyListener0(DefaultPromise.java:507)
	at io.netty.util.concurrent.DefaultPromise.notifyListeners0(DefaultPromise.java:500)
	at io.netty.util.concurrent.DefaultPromise.notifyListenersNow(DefaultPromise.java:479)
	at io.netty.util.concurrent.DefaultPromise.notifyListeners(DefaultPromise.java:420)
	at io.netty.util.concurrent.DefaultPromise.tryFailure(DefaultPromise.java:122)
	at io.netty.channel.epoll.AbstractEpollStreamChannel$EpollStreamUnsafe.fulfillConnectPromise(AbstractEpollStreamChannel.java:821)
	at io.netty.channel.epoll.AbstractEpollStreamChannel$EpollStreamUnsafe.finishConnect(AbstractEpollStreamChannel.java:840)
	at io.netty.channel.epoll.AbstractEpollStreamChannel$EpollStreamUnsafe.epollOutReady(AbstractEpollStreamChannel.java:857)
	at io.netty.channel.epoll.EpollEventLoop.processReady(EpollEventLoop.java:387)
	at io.netty.channel.epoll.EpollEventLoop.run(EpollEventLoop.java:302)
	at io.netty.util.concurrent.SingleThreadEventExecutor$2.run(SingleThreadEventExecutor.java:131)
	at io.netty.util.concurrent.DefaultThreadFactory$DefaultRunnableDecorator.run(DefaultThreadFactory.java:144)
	at java.base/java.lang.Thread.run(Thread.java:829)
